<?xml version="1.0" encoding="UTF-8"?>
<!-- Generated by org.testng.reporters.JUnitReportReporter -->
<testsuite hostname="Aaryaman" failures="0" tests="1" name="lokos.lokosTest" time="21.647" errors="0" timestamp="2022-04-20T22:07:45 IST" skipped="0">
  <testcase classname="lokos.lokosTest" name="startTest" time="21.647"/>
  <system-out/>
</testsuite> <!-- lokos.lokosTest -->
