<?xml version="1.0" encoding="UTF-8"?>
<!-- Generated by org.testng.reporters.JUnitReportReporter -->
<testsuite hostname="Aaryaman" failures="0" tests="1" name="app.memberProfile" time="1225.555" errors="0" timestamp="2022-04-20T16:26:01 IST" skipped="0">
  <testcase classname="app.memberProfile" name="startApp" time="1225.555"/>
  <system-out/>
</testsuite> <!-- app.memberProfile -->
