<?xml version="1.0" encoding="UTF-8"?>
<!-- Generated by org.testng.reporters.JUnitReportReporter -->
<testsuite hostname="Aaryaman" failures="0" tests="1" name="app.memberProfile" time="210.486" errors="0" timestamp="2022-03-17T12:55:35 IST" skipped="0">
  <testcase classname="app.memberProfile" name="startApp" time="210.486"/>
  <system-out/>
</testsuite> <!-- app.memberProfile -->
