<?xml version="1.0" encoding="UTF-8"?>
<!-- Generated by org.testng.reporters.JUnitReportReporter -->
<testsuite hostname="Aaryaman" failures="0" tests="1" name="lokos.lokosTest" time="198.070" errors="0" timestamp="2022-03-17T15:22:39 IST" skipped="0">
  <testcase classname="lokos.lokosTest" name="startApp" time="198.070"/>
  <system-out/>
</testsuite> <!-- lokos.lokosTest -->
