<?xml version="1.0" encoding="UTF-8"?>
<!-- Generated by org.testng.reporters.JUnitReportReporter -->
<testsuite hostname="Aaryaman" failures="0" tests="1" name="app.regularMeetings" time="109.008" errors="0" timestamp="2022-02-28T17:49:07 IST" skipped="0">
  <testcase classname="app.regularMeetings" name="startApp" time="109.008"/>
  <system-out/>
</testsuite> <!-- app.regularMeetings -->
