<?xml version="1.0" encoding="UTF-8"?>
<!-- Generated by org.testng.reporters.JUnitReportReporter -->
<testsuite hostname="Aaryaman" failures="0" tests="1" name="web.LoginTest" time="124.891" errors="0" timestamp="2022-04-11T12:34:52 IST" skipped="0">
  <testcase classname="web.LoginTest" name="startApp" time="124.891"/>
  <system-out/>
</testsuite> <!-- web.LoginTest -->
