<?xml version="1.0" encoding="UTF-8"?>
<!-- Generated by org.testng.reporters.JUnitReportReporter -->
<testsuite hostname="Aaryaman" failures="0" tests="1" name="app.shgMeetings" time="119.208" errors="0" timestamp="2022-02-28T17:05:58 IST" skipped="0">
  <testcase classname="app.shgMeetings" name="startApp" time="119.208"/>
  <system-out/>
</testsuite> <!-- app.shgMeetings -->
