<?xml version="1.0" encoding="UTF-8"?>
<!-- Generated by org.testng.reporters.JUnitReportReporter -->
<testsuite hostname="Aaryaman" failures="0" tests="1" name="app.shgProfileCreation" time="221.915" errors="0" timestamp="2022-03-07T16:01:15 IST" skipped="0">
  <testcase classname="app.shgProfileCreation" name="startApp" time="221.915"/>
  <system-out/>
</testsuite> <!-- app.shgProfileCreation -->
