<?xml version="1.0" encoding="UTF-8"?>
<!-- Generated by org.testng.reporters.JUnitReportReporter -->
<testsuite hostname="Aaryaman" failures="0" tests="1" name="app.cutoffMeetings" time="79.358" errors="0" timestamp="2022-02-28T17:32:32 IST" skipped="0">
  <testcase classname="app.cutoffMeetings" name="startApp" time="79.358"/>
  <system-out/>
</testsuite> <!-- app.cutoffMeetings -->
