<?xml version="1.0" encoding="UTF-8"?>
<!-- Generated by org.testng.reporters.JUnitReportReporter -->
<testsuite hostname="Aaryaman" failures="0" tests="1" name="lokos.lokosTest" time="128.385" errors="0" timestamp="2022-04-01T17:10:33 IST" skipped="0">
  <testcase classname="lokos.lokosTest" name="startApp" time="128.385"/>
  <system-out/>
</testsuite> <!-- lokos.lokosTest -->
