<?xml version="1.0" encoding="UTF-8"?>
<!-- Generated by org.testng.reporters.JUnitReportReporter -->
<testsuite hostname="Aaryaman" failures="0" tests="1" name="app.memberProfile" time="581.916" errors="0" timestamp="2022-02-25T18:19:03 IST" skipped="0">
  <testcase classname="app.memberProfile" name="startApp" time="581.916"/>
  <system-out/>
</testsuite> <!-- app.memberProfile -->
