<?xml version="1.0" encoding="UTF-8"?>
<!-- Generated by org.testng.reporters.JUnitReportReporter -->
<testsuite hostname="Aaryaman" failures="0" tests="1" name="app.shgProfileCreation" time="290.858" errors="0" timestamp="2022-03-09T14:10:51 IST" skipped="0">
  <testcase classname="app.shgProfileCreation" name="startApp" time="290.858"/>
  <system-out/>
</testsuite> <!-- app.shgProfileCreation -->
