<?xml version="1.0" encoding="UTF-8"?>
<!-- Generated by org.testng.reporters.JUnitReportReporter -->
<testsuite hostname="Aaryaman" failures="0" tests="1" name="lokos.lokosTest" time="230.005" errors="0" timestamp="2022-03-31T11:24:16 IST" skipped="0">
  <testcase classname="lokos.lokosTest" name="startApp" time="230.005"/>
  <system-out/>
</testsuite> <!-- lokos.lokosTest -->
