<?xml version="1.0" encoding="UTF-8"?>
<!-- Generated by org.testng.reporters.JUnitReportReporter -->
<testsuite hostname="Aaryaman" failures="0" tests="1" name="app.navigation" time="1505.214" errors="0" timestamp="2022-04-20T14:42:11 IST" skipped="0">
  <testcase classname="app.navigation" name="startApp" time="1505.214"/>
  <system-out/>
</testsuite> <!-- app.navigation -->
