<?xml version="1.0" encoding="UTF-8"?>
<!-- Generated by org.testng.reporters.JUnitReportReporter -->
<testsuite hostname="Aaryaman" failures="0" tests="1" name="app.regularMeetings" time="110.187" errors="0" timestamp="2022-03-31T15:27:52 IST" skipped="0">
  <testcase classname="app.regularMeetings" name="startApp" time="110.187"/>
  <system-out/>
</testsuite> <!-- app.regularMeetings -->
