<?xml version="1.0" encoding="UTF-8"?>
<!-- Generated by org.testng.reporters.JUnitReportReporter -->
<testsuite hostname="Aaryaman" failures="0" tests="1" name="app.regularMeetings" time="138.531" errors="0" timestamp="2022-04-05T16:59:36 IST" skipped="0">
  <testcase classname="app.regularMeetings" name="startApp" time="138.531"/>
  <system-out/>
</testsuite> <!-- app.regularMeetings -->
