<?xml version="1.0" encoding="UTF-8"?>
<!-- Generated by org.testng.reporters.JUnitReportReporter -->
<testsuite hostname="Aaryaman" failures="0" tests="1" name="app.memberProfile" time="217.401" errors="0" timestamp="2022-03-10T12:36:14 IST" skipped="0">
  <testcase classname="app.memberProfile" name="startApp" time="217.401"/>
  <system-out/>
</testsuite> <!-- app.memberProfile -->
