<?xml version="1.0" encoding="UTF-8"?>
<!-- Generated by org.testng.reporters.JUnitReportReporter -->
<testsuite hostname="Aaryaman" failures="0" tests="1" name="lokos.lokosTest" time="782.079" errors="0" timestamp="2022-03-09T16:04:20 IST" skipped="0">
  <testcase classname="lokos.lokosTest" name="startApp" time="782.079"/>
  <system-out/>
</testsuite> <!-- lokos.lokosTest -->
