<?xml version="1.0" encoding="UTF-8"?>
<!-- Generated by org.testng.reporters.JUnitReportReporter -->
<testsuite hostname="Aaryaman" failures="0" tests="1" name="app.memberProfile" time="528.207" errors="0" timestamp="2022-04-14T18:27:05 IST" skipped="0">
  <testcase classname="app.memberProfile" name="startApp" time="528.207"/>
  <system-out/>
</testsuite> <!-- app.memberProfile -->
