<?xml version="1.0" encoding="UTF-8"?>
<!-- Generated by org.testng.reporters.JUnitReportReporter -->
<testsuite hostname="Aaryaman" failures="0" tests="1" name="app.regularMeetings" time="111.375" errors="0" timestamp="2022-04-20T08:25:08 IST" skipped="0">
  <testcase classname="app.regularMeetings" name="startApp" time="111.375"/>
  <system-out/>
</testsuite> <!-- app.regularMeetings -->
