<?xml version="1.0" encoding="UTF-8"?>
<!-- Generated by org.testng.reporters.JUnitReportReporter -->
<testsuite hostname="Aaryaman" failures="0" tests="1" name="lokos.lokosTest" time="2595.386" errors="0" timestamp="2022-02-25T20:57:39 IST" skipped="0">
  <testcase classname="lokos.lokosTest" name="startApp" time="2595.386"/>
  <system-out/>
</testsuite> <!-- lokos.lokosTest -->
