<?xml version="1.0" encoding="UTF-8"?>
<!-- Generated by org.testng.reporters.JUnitReportReporter -->
<testsuite hostname="Aaryaman" failures="0" tests="1" name="app.cutoffMeetings" time="764.133" errors="0" timestamp="2022-03-21T11:33:53 IST" skipped="0">
  <testcase classname="app.cutoffMeetings" name="startApp" time="764.133"/>
  <system-out/>
</testsuite> <!-- app.cutoffMeetings -->
