<?xml version="1.0" encoding="UTF-8"?>
<!-- Generated by org.testng.reporters.JUnitReportReporter -->
<testsuite hostname="Aaryaman" failures="0" tests="1" name="app.shgProfileCreation" time="1304.038" errors="0" timestamp="2022-04-20T19:05:10 IST" skipped="0">
  <testcase classname="app.shgProfileCreation" name="startApp" time="1304.038"/>
  <system-out/>
</testsuite> <!-- app.shgProfileCreation -->
