<?xml version="1.0" encoding="UTF-8"?>
<!-- Generated by org.testng.reporters.JUnitReportReporter -->
<testsuite hostname="Aaryaman" failures="0" tests="1" name="app.shgMeetings" time="205.741" errors="0" timestamp="2022-04-19T11:47:48 IST" skipped="0">
  <testcase classname="app.shgMeetings" name="startApp" time="205.741"/>
  <system-out/>
</testsuite> <!-- app.shgMeetings -->
